<?xml version="1.0" encoding="UTF-8"?>
<robot generator="Robot 6.1.1 (Python 3.12.0 on win32)" generated="20240213 14:52:20.967" rpa="false" schemaversion="4">
<suite id="s1" name="Data Driven Login" source="C:\robot\Agfirst\TestCases\data_driven_login.robot">
<kw name="Open my Browser" library="LoginKeywords" type="SETUP">
<arg>${SiteUrl}</arg>
<arg>${browser}</arg>
<kw name="Open Browser" library="Selenium2Library">
<arg>${SiteUrl}</arg>
<arg>${browser}</arg>
<doc>Opens a new browser instance to the optional ``url``.</doc>
<msg timestamp="20240213 14:52:22.630" level="INFO">Opening browser 'chrome' to base url 'https://www.staging-app.livestockbarometer.com/login'.</msg>
<status status="PASS" starttime="20240213 14:52:22.630" endtime="20240213 14:52:28.096"/>
</kw>
<kw name="Maximize Browser Window" library="Selenium2Library">
<doc>Maximizes current browser window.</doc>
<status status="PASS" starttime="20240213 14:52:28.097" endtime="20240213 14:52:28.384"/>
</kw>
<status status="PASS" starttime="20240213 14:52:22.629" endtime="20240213 14:52:28.384"/>
</kw>
<test id="s1-t1" name="Verify All The Data from excel_admin@mail.com_adm" line="33">
<kw name="Verify All Data">
<arg>admin@mail.com</arg>
<arg>adm</arg>
<kw name="Read All The Data">
<arg>${email}</arg>
<arg>${password}</arg>
<kw name="Log To Console" library="BuiltIn">
<arg>${email} : ${password}</arg>
<doc>Logs the given message to the console.</doc>
<status status="PASS" starttime="20240213 14:52:28.391" endtime="20240213 14:52:28.404"/>
</kw>
<kw name="Enter email" library="LoginKeywords">
<arg>${email}</arg>
<kw name="Input Text" library="Selenium2Library">
<arg>${txt_Email}</arg>
<arg>${email}</arg>
<doc>Types the given ``text`` into the text field identified by ``locator``.</doc>
<msg timestamp="20240213 14:52:28.407" level="INFO">Typing text 'admin@mail.com' into text field 'name:email'.</msg>
<status status="PASS" starttime="20240213 14:52:28.405" endtime="20240213 14:52:28.757"/>
</kw>
<status status="PASS" starttime="20240213 14:52:28.404" endtime="20240213 14:52:28.758"/>
</kw>
<kw name="Enter password" library="LoginKeywords">
<arg>${password}</arg>
<kw name="Input Text" library="Selenium2Library">
<arg>${txt_Password}</arg>
<arg>${password}</arg>
<doc>Types the given ``text`` into the text field identified by ``locator``.</doc>
<msg timestamp="20240213 14:52:28.759" level="INFO">Typing text 'adm' into text field 'name:password'.</msg>
<status status="PASS" starttime="20240213 14:52:28.758" endtime="20240213 14:52:28.881"/>
</kw>
<status status="PASS" starttime="20240213 14:52:28.758" endtime="20240213 14:52:28.881"/>
</kw>
<kw name="Click Login" library="LoginKeywords">
<kw name="Click Button" library="Selenium2Library">
<arg>${btn_Login}</arg>
<doc>Clicks the button identified by ``locator``.</doc>
<msg timestamp="20240213 14:52:28.882" level="INFO">Clicking button 'xpath://*[@id="root"]/div/div[2]/div[1]/form/button'.</msg>
<status status="PASS" starttime="20240213 14:52:28.882" endtime="20240213 14:52:29.020"/>
</kw>
<status status="PASS" starttime="20240213 14:52:28.882" endtime="20240213 14:52:29.020"/>
</kw>
<kw name="Sleep" library="BuiltIn">
<arg>1s</arg>
<doc>Pauses the test executed for the given time.</doc>
<msg timestamp="20240213 14:52:30.021" level="INFO">Slept 1 second</msg>
<status status="PASS" starttime="20240213 14:52:29.020" endtime="20240213 14:52:30.021"/>
</kw>
<kw name="Run Keyword And Return Status" library="BuiltIn">
<var>${login_status}</var>
<arg>Verify invalid login</arg>
<doc>Runs the given keyword with given arguments and returns the status as a Boolean value.</doc>
<kw name="Verify invalid login" library="LoginKeywords">
<kw name="Page Should Contain" library="Selenium2Library">
<arg>Unable to log in with provided credentials</arg>
<doc>Verifies that current page contains ``text``.</doc>
<msg timestamp="20240213 14:52:30.603" level="INFO" html="true">&lt;/td&gt;&lt;/tr&gt;&lt;tr&gt;&lt;td colspan="3"&gt;&lt;a href="selenium-screenshot-3.png"&gt;&lt;img src="selenium-screenshot-3.png" width="800px"&gt;&lt;/a&gt;</msg>
<msg timestamp="20240213 14:52:30.604" level="FAIL">Page should have contained text 'Unable to log in with provided credentials' but did not.</msg>
<status status="FAIL" starttime="20240213 14:52:30.022" endtime="20240213 14:52:30.637"/>
</kw>
<status status="FAIL" starttime="20240213 14:52:30.021" endtime="20240213 14:52:30.638"/>
</kw>
<msg timestamp="20240213 14:52:30.638" level="INFO">${login_status} = False</msg>
<status status="PASS" starttime="20240213 14:52:30.021" endtime="20240213 14:52:30.638"/>
</kw>
<kw name="Log" library="BuiltIn">
<arg>${login_status}</arg>
<doc>Logs the given message with the given level.</doc>
<msg timestamp="20240213 14:52:30.638" level="INFO">False</msg>
<status status="PASS" starttime="20240213 14:52:30.638" endtime="20240213 14:52:30.638"/>
</kw>
<kw name="Run Keyword If" library="BuiltIn">
<arg>'${login_status}' == 'True'</arg>
<arg>Clear Login</arg>
<doc>Runs the given keyword with the given arguments, if ``condition`` is true.</doc>
<status status="PASS" starttime="20240213 14:52:30.638" endtime="20240213 14:52:30.639"/>
</kw>
<kw name="Run Keyword If" library="BuiltIn">
<arg>'${login_status}' == 'False'</arg>
<arg>Logout</arg>
<doc>Runs the given keyword with the given arguments, if ``condition`` is true.</doc>
<kw name="Logout" library="LoginKeywords">
<kw name="Click Element" library="Selenium2Library">
<arg>xpath://*[@id="root"]/div/div[1]/div/div[1]/button</arg>
<doc>Click the element identified by ``locator``.</doc>
<msg timestamp="20240213 14:52:30.640" level="INFO">Clicking element 'xpath://*[@id="root"]/div/div[1]/div/div[1]/button'.</msg>
<msg timestamp="20240213 14:52:31.164" level="INFO" html="true">&lt;/td&gt;&lt;/tr&gt;&lt;tr&gt;&lt;td colspan="3"&gt;&lt;a href="selenium-screenshot-4.png"&gt;&lt;img src="selenium-screenshot-4.png" width="800px"&gt;&lt;/a&gt;</msg>
<msg timestamp="20240213 14:52:31.164" level="FAIL">Element with locator 'xpath://*[@id="root"]/div/div[1]/div/div[1]/button' not found.</msg>
<status status="FAIL" starttime="20240213 14:52:30.639" endtime="20240213 14:52:31.171"/>
</kw>
<kw name="Page Should Contain" library="Selenium2Library">
<arg>Welcome back! Please login</arg>
<doc>Verifies that current page contains ``text``.</doc>
<status status="NOT RUN" starttime="20240213 14:52:31.172" endtime="20240213 14:52:31.172"/>
</kw>
<status status="FAIL" starttime="20240213 14:52:30.639" endtime="20240213 14:52:31.172"/>
</kw>
<status status="FAIL" starttime="20240213 14:52:30.639" endtime="20240213 14:52:31.172"/>
</kw>
<kw name="Sleep" library="BuiltIn">
<arg>3s</arg>
<doc>Pauses the test executed for the given time.</doc>
<status status="NOT RUN" starttime="20240213 14:52:31.172" endtime="20240213 14:52:31.172"/>
</kw>
<status status="FAIL" starttime="20240213 14:52:28.390" endtime="20240213 14:52:31.172"/>
</kw>
<status status="FAIL" starttime="20240213 14:52:28.390" endtime="20240213 14:52:31.172"/>
</kw>
<status status="FAIL" starttime="20240213 14:52:28.385" endtime="20240213 14:52:31.173">Element with locator 'xpath://*[@id="root"]/div/div[1]/div/div[1]/button' not found.</status>
</test>
<test id="s1-t2" name="Verify All The Data from excel_test@mmm.com_sru" line="33">
<kw name="Verify All Data">
<arg>test@mmm.com</arg>
<arg>sru</arg>
<kw name="Read All The Data">
<arg>${email}</arg>
<arg>${password}</arg>
<kw name="Log To Console" library="BuiltIn">
<arg>${email} : ${password}</arg>
<doc>Logs the given message to the console.</doc>
<status status="PASS" starttime="20240213 14:52:31.177" endtime="20240213 14:52:31.178"/>
</kw>
<kw name="Enter email" library="LoginKeywords">
<arg>${email}</arg>
<kw name="Input Text" library="Selenium2Library">
<arg>${txt_Email}</arg>
<arg>${email}</arg>
<doc>Types the given ``text`` into the text field identified by ``locator``.</doc>
<msg timestamp="20240213 14:52:31.180" level="INFO">Typing text 'test@mmm.com' into text field 'name:email'.</msg>
<status status="PASS" starttime="20240213 14:52:31.180" endtime="20240213 14:52:31.323"/>
</kw>
<status status="PASS" starttime="20240213 14:52:31.178" endtime="20240213 14:52:31.323"/>
</kw>
<kw name="Enter password" library="LoginKeywords">
<arg>${password}</arg>
<kw name="Input Text" library="Selenium2Library">
<arg>${txt_Password}</arg>
<arg>${password}</arg>
<doc>Types the given ``text`` into the text field identified by ``locator``.</doc>
<msg timestamp="20240213 14:52:31.324" level="INFO">Typing text 'sru' into text field 'name:password'.</msg>
<status status="PASS" starttime="20240213 14:52:31.323" endtime="20240213 14:52:31.464"/>
</kw>
<status status="PASS" starttime="20240213 14:52:31.323" endtime="20240213 14:52:31.464"/>
</kw>
<kw name="Click Login" library="LoginKeywords">
<kw name="Click Button" library="Selenium2Library">
<arg>${btn_Login}</arg>
<doc>Clicks the button identified by ``locator``.</doc>
<msg timestamp="20240213 14:52:31.466" level="INFO">Clicking button 'xpath://*[@id="root"]/div/div[2]/div[1]/form/button'.</msg>
<status status="PASS" starttime="20240213 14:52:31.465" endtime="20240213 14:52:31.549"/>
</kw>
<status status="PASS" starttime="20240213 14:52:31.464" endtime="20240213 14:52:31.549"/>
</kw>
<kw name="Sleep" library="BuiltIn">
<arg>1s</arg>
<doc>Pauses the test executed for the given time.</doc>
<msg timestamp="20240213 14:52:32.549" level="INFO">Slept 1 second</msg>
<status status="PASS" starttime="20240213 14:52:31.549" endtime="20240213 14:52:32.549"/>
</kw>
<kw name="Run Keyword And Return Status" library="BuiltIn">
<var>${login_status}</var>
<arg>Verify invalid login</arg>
<doc>Runs the given keyword with given arguments and returns the status as a Boolean value.</doc>
<kw name="Verify invalid login" library="LoginKeywords">
<kw name="Page Should Contain" library="Selenium2Library">
<arg>Unable to log in with provided credentials</arg>
<doc>Verifies that current page contains ``text``.</doc>
<msg timestamp="20240213 14:52:33.089" level="INFO" html="true">&lt;/td&gt;&lt;/tr&gt;&lt;tr&gt;&lt;td colspan="3"&gt;&lt;a href="selenium-screenshot-5.png"&gt;&lt;img src="selenium-screenshot-5.png" width="800px"&gt;&lt;/a&gt;</msg>
<msg timestamp="20240213 14:52:33.089" level="FAIL">Page should have contained text 'Unable to log in with provided credentials' but did not.</msg>
<status status="FAIL" starttime="20240213 14:52:32.550" endtime="20240213 14:52:33.090"/>
</kw>
<status status="FAIL" starttime="20240213 14:52:32.549" endtime="20240213 14:52:33.090"/>
</kw>
<msg timestamp="20240213 14:52:33.090" level="INFO">${login_status} = False</msg>
<status status="PASS" starttime="20240213 14:52:32.549" endtime="20240213 14:52:33.090"/>
</kw>
<kw name="Log" library="BuiltIn">
<arg>${login_status}</arg>
<doc>Logs the given message with the given level.</doc>
<msg timestamp="20240213 14:52:33.090" level="INFO">False</msg>
<status status="PASS" starttime="20240213 14:52:33.090" endtime="20240213 14:52:33.090"/>
</kw>
<kw name="Run Keyword If" library="BuiltIn">
<arg>'${login_status}' == 'True'</arg>
<arg>Clear Login</arg>
<doc>Runs the given keyword with the given arguments, if ``condition`` is true.</doc>
<status status="PASS" starttime="20240213 14:52:33.090" endtime="20240213 14:52:33.091"/>
</kw>
<kw name="Run Keyword If" library="BuiltIn">
<arg>'${login_status}' == 'False'</arg>
<arg>Logout</arg>
<doc>Runs the given keyword with the given arguments, if ``condition`` is true.</doc>
<kw name="Logout" library="LoginKeywords">
<kw name="Click Element" library="Selenium2Library">
<arg>xpath://*[@id="root"]/div/div[1]/div/div[1]/button</arg>
<doc>Click the element identified by ``locator``.</doc>
<msg timestamp="20240213 14:52:33.092" level="INFO">Clicking element 'xpath://*[@id="root"]/div/div[1]/div/div[1]/button'.</msg>
<msg timestamp="20240213 14:52:33.609" level="INFO" html="true">&lt;/td&gt;&lt;/tr&gt;&lt;tr&gt;&lt;td colspan="3"&gt;&lt;a href="selenium-screenshot-6.png"&gt;&lt;img src="selenium-screenshot-6.png" width="800px"&gt;&lt;/a&gt;</msg>
<msg timestamp="20240213 14:52:33.610" level="FAIL">Element with locator 'xpath://*[@id="root"]/div/div[1]/div/div[1]/button' not found.</msg>
<status status="FAIL" starttime="20240213 14:52:33.091" endtime="20240213 14:52:33.612"/>
</kw>
<kw name="Page Should Contain" library="Selenium2Library">
<arg>Welcome back! Please login</arg>
<doc>Verifies that current page contains ``text``.</doc>
<status status="NOT RUN" starttime="20240213 14:52:33.612" endtime="20240213 14:52:33.612"/>
</kw>
<status status="FAIL" starttime="20240213 14:52:33.091" endtime="20240213 14:52:33.612"/>
</kw>
<status status="FAIL" starttime="20240213 14:52:33.091" endtime="20240213 14:52:33.612"/>
</kw>
<kw name="Sleep" library="BuiltIn">
<arg>3s</arg>
<doc>Pauses the test executed for the given time.</doc>
<status status="NOT RUN" starttime="20240213 14:52:33.612" endtime="20240213 14:52:33.612"/>
</kw>
<status status="FAIL" starttime="20240213 14:52:31.177" endtime="20240213 14:52:33.612"/>
</kw>
<status status="FAIL" starttime="20240213 14:52:31.176" endtime="20240213 14:52:33.612"/>
</kw>
<status status="FAIL" starttime="20240213 14:52:31.175" endtime="20240213 14:52:33.613">Element with locator 'xpath://*[@id="root"]/div/div[1]/div/div[1]/button' not found.</status>
</test>
<test id="s1-t3" name="Verify All The Data from excel_premium2@mail.com_Shing1234" line="33">
<kw name="Verify All Data">
<arg>premium2@mail.com</arg>
<arg>Shing1234</arg>
<kw name="Read All The Data">
<arg>${email}</arg>
<arg>${password}</arg>
<kw name="Log To Console" library="BuiltIn">
<arg>${email} : ${password}</arg>
<doc>Logs the given message to the console.</doc>
<status status="PASS" starttime="20240213 14:52:33.617" endtime="20240213 14:52:33.618"/>
</kw>
<kw name="Enter email" library="LoginKeywords">
<arg>${email}</arg>
<kw name="Input Text" library="Selenium2Library">
<arg>${txt_Email}</arg>
<arg>${email}</arg>
<doc>Types the given ``text`` into the text field identified by ``locator``.</doc>
<msg timestamp="20240213 14:52:33.619" level="INFO">Typing text 'premium2@mail.com' into text field 'name:email'.</msg>
<status status="PASS" starttime="20240213 14:52:33.618" endtime="20240213 14:52:33.789"/>
</kw>
<status status="PASS" starttime="20240213 14:52:33.618" endtime="20240213 14:52:33.789"/>
</kw>
<kw name="Enter password" library="LoginKeywords">
<arg>${password}</arg>
<kw name="Input Text" library="Selenium2Library">
<arg>${txt_Password}</arg>
<arg>${password}</arg>
<doc>Types the given ``text`` into the text field identified by ``locator``.</doc>
<msg timestamp="20240213 14:52:33.790" level="INFO">Typing text 'Shing1234' into text field 'name:password'.</msg>
<status status="PASS" starttime="20240213 14:52:33.789" endtime="20240213 14:52:33.924"/>
</kw>
<status status="PASS" starttime="20240213 14:52:33.789" endtime="20240213 14:52:33.924"/>
</kw>
<kw name="Click Login" library="LoginKeywords">
<kw name="Click Button" library="Selenium2Library">
<arg>${btn_Login}</arg>
<doc>Clicks the button identified by ``locator``.</doc>
<msg timestamp="20240213 14:52:33.926" level="INFO">Clicking button 'xpath://*[@id="root"]/div/div[2]/div[1]/form/button'.</msg>
<status status="PASS" starttime="20240213 14:52:33.925" endtime="20240213 14:52:34.001"/>
</kw>
<status status="PASS" starttime="20240213 14:52:33.925" endtime="20240213 14:52:34.001"/>
</kw>
<kw name="Sleep" library="BuiltIn">
<arg>1s</arg>
<doc>Pauses the test executed for the given time.</doc>
<msg timestamp="20240213 14:52:35.002" level="INFO">Slept 1 second</msg>
<status status="PASS" starttime="20240213 14:52:34.001" endtime="20240213 14:52:35.002"/>
</kw>
<kw name="Run Keyword And Return Status" library="BuiltIn">
<var>${login_status}</var>
<arg>Verify invalid login</arg>
<doc>Runs the given keyword with given arguments and returns the status as a Boolean value.</doc>
<kw name="Verify invalid login" library="LoginKeywords">
<kw name="Page Should Contain" library="Selenium2Library">
<arg>Unable to log in with provided credentials</arg>
<doc>Verifies that current page contains ``text``.</doc>
<msg timestamp="20240213 14:52:35.564" level="INFO" html="true">&lt;/td&gt;&lt;/tr&gt;&lt;tr&gt;&lt;td colspan="3"&gt;&lt;a href="selenium-screenshot-7.png"&gt;&lt;img src="selenium-screenshot-7.png" width="800px"&gt;&lt;/a&gt;</msg>
<msg timestamp="20240213 14:52:35.564" level="FAIL">Page should have contained text 'Unable to log in with provided credentials' but did not.</msg>
<status status="FAIL" starttime="20240213 14:52:35.003" endtime="20240213 14:52:35.565"/>
</kw>
<status status="FAIL" starttime="20240213 14:52:35.002" endtime="20240213 14:52:35.565"/>
</kw>
<msg timestamp="20240213 14:52:35.565" level="INFO">${login_status} = False</msg>
<status status="PASS" starttime="20240213 14:52:35.002" endtime="20240213 14:52:35.565"/>
</kw>
<kw name="Log" library="BuiltIn">
<arg>${login_status}</arg>
<doc>Logs the given message with the given level.</doc>
<msg timestamp="20240213 14:52:35.565" level="INFO">False</msg>
<status status="PASS" starttime="20240213 14:52:35.565" endtime="20240213 14:52:35.565"/>
</kw>
<kw name="Run Keyword If" library="BuiltIn">
<arg>'${login_status}' == 'True'</arg>
<arg>Clear Login</arg>
<doc>Runs the given keyword with the given arguments, if ``condition`` is true.</doc>
<status status="PASS" starttime="20240213 14:52:35.565" endtime="20240213 14:52:35.566"/>
</kw>
<kw name="Run Keyword If" library="BuiltIn">
<arg>'${login_status}' == 'False'</arg>
<arg>Logout</arg>
<doc>Runs the given keyword with the given arguments, if ``condition`` is true.</doc>
<kw name="Logout" library="LoginKeywords">
<kw name="Click Element" library="Selenium2Library">
<arg>xpath://*[@id="root"]/div/div[1]/div/div[1]/button</arg>
<doc>Click the element identified by ``locator``.</doc>
<msg timestamp="20240213 14:52:35.567" level="INFO">Clicking element 'xpath://*[@id="root"]/div/div[1]/div/div[1]/button'.</msg>
<msg timestamp="20240213 14:52:36.092" level="INFO" html="true">&lt;/td&gt;&lt;/tr&gt;&lt;tr&gt;&lt;td colspan="3"&gt;&lt;a href="selenium-screenshot-8.png"&gt;&lt;img src="selenium-screenshot-8.png" width="800px"&gt;&lt;/a&gt;</msg>
<msg timestamp="20240213 14:52:36.092" level="FAIL">Element with locator 'xpath://*[@id="root"]/div/div[1]/div/div[1]/button' not found.</msg>
<status status="FAIL" starttime="20240213 14:52:35.567" endtime="20240213 14:52:36.093"/>
</kw>
<kw name="Page Should Contain" library="Selenium2Library">
<arg>Welcome back! Please login</arg>
<doc>Verifies that current page contains ``text``.</doc>
<status status="NOT RUN" starttime="20240213 14:52:36.093" endtime="20240213 14:52:36.093"/>
</kw>
<status status="FAIL" starttime="20240213 14:52:35.566" endtime="20240213 14:52:36.093"/>
</kw>
<status status="FAIL" starttime="20240213 14:52:35.566" endtime="20240213 14:52:36.093"/>
</kw>
<kw name="Sleep" library="BuiltIn">
<arg>3s</arg>
<doc>Pauses the test executed for the given time.</doc>
<status status="NOT RUN" starttime="20240213 14:52:36.093" endtime="20240213 14:52:36.093"/>
</kw>
<status status="FAIL" starttime="20240213 14:52:33.617" endtime="20240213 14:52:36.093"/>
</kw>
<status status="FAIL" starttime="20240213 14:52:33.616" endtime="20240213 14:52:36.093"/>
</kw>
<status status="FAIL" starttime="20240213 14:52:33.615" endtime="20240213 14:52:36.095">Element with locator 'xpath://*[@id="root"]/div/div[1]/div/div[1]/button' not found.</status>
</test>
<test id="s1-t4" name="Verify All The Data from excel_dfa@ksf.com_jfnksf" line="33">
<kw name="Verify All Data">
<arg>dfa@ksf.com</arg>
<arg>jfnksf</arg>
<kw name="Read All The Data">
<arg>${email}</arg>
<arg>${password}</arg>
<kw name="Log To Console" library="BuiltIn">
<arg>${email} : ${password}</arg>
<doc>Logs the given message to the console.</doc>
<status status="PASS" starttime="20240213 14:52:36.100" endtime="20240213 14:52:36.101"/>
</kw>
<kw name="Enter email" library="LoginKeywords">
<arg>${email}</arg>
<kw name="Input Text" library="Selenium2Library">
<arg>${txt_Email}</arg>
<arg>${email}</arg>
<doc>Types the given ``text`` into the text field identified by ``locator``.</doc>
<msg timestamp="20240213 14:52:36.103" level="INFO">Typing text 'dfa@ksf.com' into text field 'name:email'.</msg>
<status status="PASS" starttime="20240213 14:52:36.101" endtime="20240213 14:52:36.373"/>
</kw>
<status status="PASS" starttime="20240213 14:52:36.101" endtime="20240213 14:52:36.373"/>
</kw>
<kw name="Enter password" library="LoginKeywords">
<arg>${password}</arg>
<kw name="Input Text" library="Selenium2Library">
<arg>${txt_Password}</arg>
<arg>${password}</arg>
<doc>Types the given ``text`` into the text field identified by ``locator``.</doc>
<msg timestamp="20240213 14:52:36.374" level="INFO">Typing text 'jfnksf' into text field 'name:password'.</msg>
<status status="PASS" starttime="20240213 14:52:36.374" endtime="20240213 14:52:36.483"/>
</kw>
<status status="PASS" starttime="20240213 14:52:36.374" endtime="20240213 14:52:36.484"/>
</kw>
<kw name="Click Login" library="LoginKeywords">
<kw name="Click Button" library="Selenium2Library">
<arg>${btn_Login}</arg>
<doc>Clicks the button identified by ``locator``.</doc>
<msg timestamp="20240213 14:52:36.484" level="INFO">Clicking button 'xpath://*[@id="root"]/div/div[2]/div[1]/form/button'.</msg>
<status status="PASS" starttime="20240213 14:52:36.484" endtime="20240213 14:52:36.554"/>
</kw>
<status status="PASS" starttime="20240213 14:52:36.484" endtime="20240213 14:52:36.554"/>
</kw>
<kw name="Sleep" library="BuiltIn">
<arg>1s</arg>
<doc>Pauses the test executed for the given time.</doc>
<msg timestamp="20240213 14:52:37.554" level="INFO">Slept 1 second</msg>
<status status="PASS" starttime="20240213 14:52:36.554" endtime="20240213 14:52:37.554"/>
</kw>
<kw name="Run Keyword And Return Status" library="BuiltIn">
<var>${login_status}</var>
<arg>Verify invalid login</arg>
<doc>Runs the given keyword with given arguments and returns the status as a Boolean value.</doc>
<kw name="Verify invalid login" library="LoginKeywords">
<kw name="Page Should Contain" library="Selenium2Library">
<arg>Unable to log in with provided credentials</arg>
<doc>Verifies that current page contains ``text``.</doc>
<msg timestamp="20240213 14:52:38.075" level="INFO" html="true">&lt;/td&gt;&lt;/tr&gt;&lt;tr&gt;&lt;td colspan="3"&gt;&lt;a href="selenium-screenshot-9.png"&gt;&lt;img src="selenium-screenshot-9.png" width="800px"&gt;&lt;/a&gt;</msg>
<msg timestamp="20240213 14:52:38.075" level="FAIL">Page should have contained text 'Unable to log in with provided credentials' but did not.</msg>
<status status="FAIL" starttime="20240213 14:52:37.554" endtime="20240213 14:52:38.076"/>
</kw>
<status status="FAIL" starttime="20240213 14:52:37.554" endtime="20240213 14:52:38.076"/>
</kw>
<msg timestamp="20240213 14:52:38.076" level="INFO">${login_status} = False</msg>
<status status="PASS" starttime="20240213 14:52:37.554" endtime="20240213 14:52:38.076"/>
</kw>
<kw name="Log" library="BuiltIn">
<arg>${login_status}</arg>
<doc>Logs the given message with the given level.</doc>
<msg timestamp="20240213 14:52:38.077" level="INFO">False</msg>
<status status="PASS" starttime="20240213 14:52:38.077" endtime="20240213 14:52:38.077"/>
</kw>
<kw name="Run Keyword If" library="BuiltIn">
<arg>'${login_status}' == 'True'</arg>
<arg>Clear Login</arg>
<doc>Runs the given keyword with the given arguments, if ``condition`` is true.</doc>
<status status="PASS" starttime="20240213 14:52:38.077" endtime="20240213 14:52:38.078"/>
</kw>
<kw name="Run Keyword If" library="BuiltIn">
<arg>'${login_status}' == 'False'</arg>
<arg>Logout</arg>
<doc>Runs the given keyword with the given arguments, if ``condition`` is true.</doc>
<kw name="Logout" library="LoginKeywords">
<kw name="Click Element" library="Selenium2Library">
<arg>xpath://*[@id="root"]/div/div[1]/div/div[1]/button</arg>
<doc>Click the element identified by ``locator``.</doc>
<msg timestamp="20240213 14:52:38.079" level="INFO">Clicking element 'xpath://*[@id="root"]/div/div[1]/div/div[1]/button'.</msg>
<msg timestamp="20240213 14:52:38.600" level="INFO" html="true">&lt;/td&gt;&lt;/tr&gt;&lt;tr&gt;&lt;td colspan="3"&gt;&lt;a href="selenium-screenshot-10.png"&gt;&lt;img src="selenium-screenshot-10.png" width="800px"&gt;&lt;/a&gt;</msg>
<msg timestamp="20240213 14:52:38.600" level="FAIL">Element with locator 'xpath://*[@id="root"]/div/div[1]/div/div[1]/button' not found.</msg>
<status status="FAIL" starttime="20240213 14:52:38.078" endtime="20240213 14:52:38.602"/>
</kw>
<kw name="Page Should Contain" library="Selenium2Library">
<arg>Welcome back! Please login</arg>
<doc>Verifies that current page contains ``text``.</doc>
<status status="NOT RUN" starttime="20240213 14:52:38.602" endtime="20240213 14:52:38.602"/>
</kw>
<status status="FAIL" starttime="20240213 14:52:38.078" endtime="20240213 14:52:38.602"/>
</kw>
<status status="FAIL" starttime="20240213 14:52:38.078" endtime="20240213 14:52:38.602"/>
</kw>
<kw name="Sleep" library="BuiltIn">
<arg>3s</arg>
<doc>Pauses the test executed for the given time.</doc>
<status status="NOT RUN" starttime="20240213 14:52:38.602" endtime="20240213 14:52:38.602"/>
</kw>
<status status="FAIL" starttime="20240213 14:52:36.100" endtime="20240213 14:52:38.603"/>
</kw>
<status status="FAIL" starttime="20240213 14:52:36.099" endtime="20240213 14:52:38.603"/>
</kw>
<status status="FAIL" starttime="20240213 14:52:36.097" endtime="20240213 14:52:38.604">Element with locator 'xpath://*[@id="root"]/div/div[1]/div/div[1]/button' not found.</status>
</test>
<test id="s1-t5" name="Verify All The Data from excel_ss@mail.com_Shing1234" line="33">
<kw name="Verify All Data">
<arg>ss@mail.com</arg>
<arg>Shing1234</arg>
<kw name="Read All The Data">
<arg>${email}</arg>
<arg>${password}</arg>
<kw name="Log To Console" library="BuiltIn">
<arg>${email} : ${password}</arg>
<doc>Logs the given message to the console.</doc>
<status status="PASS" starttime="20240213 14:52:38.609" endtime="20240213 14:52:38.609"/>
</kw>
<kw name="Enter email" library="LoginKeywords">
<arg>${email}</arg>
<kw name="Input Text" library="Selenium2Library">
<arg>${txt_Email}</arg>
<arg>${email}</arg>
<doc>Types the given ``text`` into the text field identified by ``locator``.</doc>
<msg timestamp="20240213 14:52:38.612" level="INFO">Typing text 'ss@mail.com' into text field 'name:email'.</msg>
<status status="PASS" starttime="20240213 14:52:38.611" endtime="20240213 14:52:38.820"/>
</kw>
<status status="PASS" starttime="20240213 14:52:38.610" endtime="20240213 14:52:38.820"/>
</kw>
<kw name="Enter password" library="LoginKeywords">
<arg>${password}</arg>
<kw name="Input Text" library="Selenium2Library">
<arg>${txt_Password}</arg>
<arg>${password}</arg>
<doc>Types the given ``text`` into the text field identified by ``locator``.</doc>
<msg timestamp="20240213 14:52:38.821" level="INFO">Typing text 'Shing1234' into text field 'name:password'.</msg>
<status status="PASS" starttime="20240213 14:52:38.821" endtime="20240213 14:52:38.970"/>
</kw>
<status status="PASS" starttime="20240213 14:52:38.820" endtime="20240213 14:52:38.970"/>
</kw>
<kw name="Click Login" library="LoginKeywords">
<kw name="Click Button" library="Selenium2Library">
<arg>${btn_Login}</arg>
<doc>Clicks the button identified by ``locator``.</doc>
<msg timestamp="20240213 14:52:38.972" level="INFO">Clicking button 'xpath://*[@id="root"]/div/div[2]/div[1]/form/button'.</msg>
<status status="PASS" starttime="20240213 14:52:38.971" endtime="20240213 14:52:39.083"/>
</kw>
<status status="PASS" starttime="20240213 14:52:38.970" endtime="20240213 14:52:39.083"/>
</kw>
<kw name="Sleep" library="BuiltIn">
<arg>1s</arg>
<doc>Pauses the test executed for the given time.</doc>
<msg timestamp="20240213 14:52:40.084" level="INFO">Slept 1 second</msg>
<status status="PASS" starttime="20240213 14:52:39.084" endtime="20240213 14:52:40.084"/>
</kw>
<kw name="Run Keyword And Return Status" library="BuiltIn">
<var>${login_status}</var>
<arg>Verify invalid login</arg>
<doc>Runs the given keyword with given arguments and returns the status as a Boolean value.</doc>
<kw name="Verify invalid login" library="LoginKeywords">
<kw name="Page Should Contain" library="Selenium2Library">
<arg>Unable to log in with provided credentials</arg>
<doc>Verifies that current page contains ``text``.</doc>
<msg timestamp="20240213 14:52:40.728" level="INFO" html="true">&lt;/td&gt;&lt;/tr&gt;&lt;tr&gt;&lt;td colspan="3"&gt;&lt;a href="selenium-screenshot-11.png"&gt;&lt;img src="selenium-screenshot-11.png" width="800px"&gt;&lt;/a&gt;</msg>
<msg timestamp="20240213 14:52:40.728" level="FAIL">Page should have contained text 'Unable to log in with provided credentials' but did not.</msg>
<status status="FAIL" starttime="20240213 14:52:40.085" endtime="20240213 14:52:40.729"/>
</kw>
<status status="FAIL" starttime="20240213 14:52:40.084" endtime="20240213 14:52:40.730"/>
</kw>
<msg timestamp="20240213 14:52:40.730" level="INFO">${login_status} = False</msg>
<status status="PASS" starttime="20240213 14:52:40.084" endtime="20240213 14:52:40.730"/>
</kw>
<kw name="Log" library="BuiltIn">
<arg>${login_status}</arg>
<doc>Logs the given message with the given level.</doc>
<msg timestamp="20240213 14:52:40.730" level="INFO">False</msg>
<status status="PASS" starttime="20240213 14:52:40.730" endtime="20240213 14:52:40.731"/>
</kw>
<kw name="Run Keyword If" library="BuiltIn">
<arg>'${login_status}' == 'True'</arg>
<arg>Clear Login</arg>
<doc>Runs the given keyword with the given arguments, if ``condition`` is true.</doc>
<status status="PASS" starttime="20240213 14:52:40.731" endtime="20240213 14:52:40.731"/>
</kw>
<kw name="Run Keyword If" library="BuiltIn">
<arg>'${login_status}' == 'False'</arg>
<arg>Logout</arg>
<doc>Runs the given keyword with the given arguments, if ``condition`` is true.</doc>
<kw name="Logout" library="LoginKeywords">
<kw name="Click Element" library="Selenium2Library">
<arg>xpath://*[@id="root"]/div/div[1]/div/div[1]/button</arg>
<doc>Click the element identified by ``locator``.</doc>
<msg timestamp="20240213 14:52:40.734" level="INFO">Clicking element 'xpath://*[@id="root"]/div/div[1]/div/div[1]/button'.</msg>
<msg timestamp="20240213 14:52:41.322" level="INFO" html="true">&lt;/td&gt;&lt;/tr&gt;&lt;tr&gt;&lt;td colspan="3"&gt;&lt;a href="selenium-screenshot-12.png"&gt;&lt;img src="selenium-screenshot-12.png" width="800px"&gt;&lt;/a&gt;</msg>
<msg timestamp="20240213 14:52:41.322" level="FAIL">Element with locator 'xpath://*[@id="root"]/div/div[1]/div/div[1]/button' not found.</msg>
<status status="FAIL" starttime="20240213 14:52:40.733" endtime="20240213 14:52:41.324"/>
</kw>
<kw name="Page Should Contain" library="Selenium2Library">
<arg>Welcome back! Please login</arg>
<doc>Verifies that current page contains ``text``.</doc>
<status status="NOT RUN" starttime="20240213 14:52:41.324" endtime="20240213 14:52:41.324"/>
</kw>
<status status="FAIL" starttime="20240213 14:52:40.732" endtime="20240213 14:52:41.324"/>
</kw>
<status status="FAIL" starttime="20240213 14:52:40.732" endtime="20240213 14:52:41.324"/>
</kw>
<kw name="Sleep" library="BuiltIn">
<arg>3s</arg>
<doc>Pauses the test executed for the given time.</doc>
<status status="NOT RUN" starttime="20240213 14:52:41.325" endtime="20240213 14:52:41.325"/>
</kw>
<status status="FAIL" starttime="20240213 14:52:38.608" endtime="20240213 14:52:41.325"/>
</kw>
<status status="FAIL" starttime="20240213 14:52:38.608" endtime="20240213 14:52:41.325"/>
</kw>
<status status="FAIL" starttime="20240213 14:52:38.606" endtime="20240213 14:52:41.329">Element with locator 'xpath://*[@id="root"]/div/div[1]/div/div[1]/button' not found.</status>
</test>
<test id="s1-t6" name="Verify All The Data from excel_tes@gmail.com_sfojo" line="33">
<kw name="Verify All Data">
<arg>tes@gmail.com</arg>
<arg>sfojo</arg>
<kw name="Read All The Data">
<arg>${email}</arg>
<arg>${password}</arg>
<kw name="Log To Console" library="BuiltIn">
<arg>${email} : ${password}</arg>
<doc>Logs the given message to the console.</doc>
<status status="PASS" starttime="20240213 14:52:41.338" endtime="20240213 14:52:41.339"/>
</kw>
<kw name="Enter email" library="LoginKeywords">
<arg>${email}</arg>
<kw name="Input Text" library="Selenium2Library">
<arg>${txt_Email}</arg>
<arg>${email}</arg>
<doc>Types the given ``text`` into the text field identified by ``locator``.</doc>
<msg timestamp="20240213 14:52:41.340" level="INFO">Typing text 'tes@gmail.com' into text field 'name:email'.</msg>
<status status="PASS" starttime="20240213 14:52:41.340" endtime="20240213 14:52:41.593"/>
</kw>
<status status="PASS" starttime="20240213 14:52:41.339" endtime="20240213 14:52:41.593"/>
</kw>
<kw name="Enter password" library="LoginKeywords">
<arg>${password}</arg>
<kw name="Input Text" library="Selenium2Library">
<arg>${txt_Password}</arg>
<arg>${password}</arg>
<doc>Types the given ``text`` into the text field identified by ``locator``.</doc>
<msg timestamp="20240213 14:52:41.596" level="INFO">Typing text 'sfojo' into text field 'name:password'.</msg>
<status status="PASS" starttime="20240213 14:52:41.595" endtime="20240213 14:52:41.740"/>
</kw>
<status status="PASS" starttime="20240213 14:52:41.593" endtime="20240213 14:52:41.741"/>
</kw>
<kw name="Click Login" library="LoginKeywords">
<kw name="Click Button" library="Selenium2Library">
<arg>${btn_Login}</arg>
<doc>Clicks the button identified by ``locator``.</doc>
<msg timestamp="20240213 14:52:41.742" level="INFO">Clicking button 'xpath://*[@id="root"]/div/div[2]/div[1]/form/button'.</msg>
<status status="PASS" starttime="20240213 14:52:41.741" endtime="20240213 14:52:41.832"/>
</kw>
<status status="PASS" starttime="20240213 14:52:41.741" endtime="20240213 14:52:41.832"/>
</kw>
<kw name="Sleep" library="BuiltIn">
<arg>1s</arg>
<doc>Pauses the test executed for the given time.</doc>
<msg timestamp="20240213 14:52:42.832" level="INFO">Slept 1 second</msg>
<status status="PASS" starttime="20240213 14:52:41.832" endtime="20240213 14:52:42.832"/>
</kw>
<kw name="Run Keyword And Return Status" library="BuiltIn">
<var>${login_status}</var>
<arg>Verify invalid login</arg>
<doc>Runs the given keyword with given arguments and returns the status as a Boolean value.</doc>
<kw name="Verify invalid login" library="LoginKeywords">
<kw name="Page Should Contain" library="Selenium2Library">
<arg>Unable to log in with provided credentials</arg>
<doc>Verifies that current page contains ``text``.</doc>
<msg timestamp="20240213 14:52:43.435" level="INFO" html="true">&lt;/td&gt;&lt;/tr&gt;&lt;tr&gt;&lt;td colspan="3"&gt;&lt;a href="selenium-screenshot-13.png"&gt;&lt;img src="selenium-screenshot-13.png" width="800px"&gt;&lt;/a&gt;</msg>
<msg timestamp="20240213 14:52:43.435" level="FAIL">Page should have contained text 'Unable to log in with provided credentials' but did not.</msg>
<status status="FAIL" starttime="20240213 14:52:42.833" endtime="20240213 14:52:43.436"/>
</kw>
<status status="FAIL" starttime="20240213 14:52:42.832" endtime="20240213 14:52:43.437"/>
</kw>
<msg timestamp="20240213 14:52:43.437" level="INFO">${login_status} = False</msg>
<status status="PASS" starttime="20240213 14:52:42.832" endtime="20240213 14:52:43.437"/>
</kw>
<kw name="Log" library="BuiltIn">
<arg>${login_status}</arg>
<doc>Logs the given message with the given level.</doc>
<msg timestamp="20240213 14:52:43.437" level="INFO">False</msg>
<status status="PASS" starttime="20240213 14:52:43.437" endtime="20240213 14:52:43.437"/>
</kw>
<kw name="Run Keyword If" library="BuiltIn">
<arg>'${login_status}' == 'True'</arg>
<arg>Clear Login</arg>
<doc>Runs the given keyword with the given arguments, if ``condition`` is true.</doc>
<status status="PASS" starttime="20240213 14:52:43.438" endtime="20240213 14:52:43.438"/>
</kw>
<kw name="Run Keyword If" library="BuiltIn">
<arg>'${login_status}' == 'False'</arg>
<arg>Logout</arg>
<doc>Runs the given keyword with the given arguments, if ``condition`` is true.</doc>
<kw name="Logout" library="LoginKeywords">
<kw name="Click Element" library="Selenium2Library">
<arg>xpath://*[@id="root"]/div/div[1]/div/div[1]/button</arg>
<doc>Click the element identified by ``locator``.</doc>
<msg timestamp="20240213 14:52:43.440" level="INFO">Clicking element 'xpath://*[@id="root"]/div/div[1]/div/div[1]/button'.</msg>
<msg timestamp="20240213 14:52:44.004" level="INFO" html="true">&lt;/td&gt;&lt;/tr&gt;&lt;tr&gt;&lt;td colspan="3"&gt;&lt;a href="selenium-screenshot-14.png"&gt;&lt;img src="selenium-screenshot-14.png" width="800px"&gt;&lt;/a&gt;</msg>
<msg timestamp="20240213 14:52:44.004" level="FAIL">Element with locator 'xpath://*[@id="root"]/div/div[1]/div/div[1]/button' not found.</msg>
<status status="FAIL" starttime="20240213 14:52:43.439" endtime="20240213 14:52:44.005"/>
</kw>
<kw name="Page Should Contain" library="Selenium2Library">
<arg>Welcome back! Please login</arg>
<doc>Verifies that current page contains ``text``.</doc>
<status status="NOT RUN" starttime="20240213 14:52:44.005" endtime="20240213 14:52:44.005"/>
</kw>
<status status="FAIL" starttime="20240213 14:52:43.439" endtime="20240213 14:52:44.005"/>
</kw>
<status status="FAIL" starttime="20240213 14:52:43.438" endtime="20240213 14:52:44.005"/>
</kw>
<kw name="Sleep" library="BuiltIn">
<arg>3s</arg>
<doc>Pauses the test executed for the given time.</doc>
<status status="NOT RUN" starttime="20240213 14:52:44.005" endtime="20240213 14:52:44.005"/>
</kw>
<status status="FAIL" starttime="20240213 14:52:41.337" endtime="20240213 14:52:44.006"/>
</kw>
<status status="FAIL" starttime="20240213 14:52:41.337" endtime="20240213 14:52:44.006"/>
</kw>
<status status="FAIL" starttime="20240213 14:52:41.333" endtime="20240213 14:52:44.006">Element with locator 'xpath://*[@id="root"]/div/div[1]/div/div[1]/button' not found.</status>
</test>
<test id="s1-t7" name="Verify All The Data from excel_sputol@mail.com_ksjfl" line="33">
<kw name="Verify All Data">
<arg>sputol@mail.com</arg>
<arg>ksjfl</arg>
<kw name="Read All The Data">
<arg>${email}</arg>
<arg>${password}</arg>
<kw name="Log To Console" library="BuiltIn">
<arg>${email} : ${password}</arg>
<doc>Logs the given message to the console.</doc>
<status status="PASS" starttime="20240213 14:52:44.014" endtime="20240213 14:52:44.014"/>
</kw>
<kw name="Enter email" library="LoginKeywords">
<arg>${email}</arg>
<kw name="Input Text" library="Selenium2Library">
<arg>${txt_Email}</arg>
<arg>${email}</arg>
<doc>Types the given ``text`` into the text field identified by ``locator``.</doc>
<msg timestamp="20240213 14:52:44.016" level="INFO">Typing text 'sputol@mail.com' into text field 'name:email'.</msg>
<status status="PASS" starttime="20240213 14:52:44.015" endtime="20240213 14:52:44.236"/>
</kw>
<status status="PASS" starttime="20240213 14:52:44.014" endtime="20240213 14:52:44.236"/>
</kw>
<kw name="Enter password" library="LoginKeywords">
<arg>${password}</arg>
<kw name="Input Text" library="Selenium2Library">
<arg>${txt_Password}</arg>
<arg>${password}</arg>
<doc>Types the given ``text`` into the text field identified by ``locator``.</doc>
<msg timestamp="20240213 14:52:44.237" level="INFO">Typing text 'ksjfl' into text field 'name:password'.</msg>
<status status="PASS" starttime="20240213 14:52:44.237" endtime="20240213 14:52:44.406"/>
</kw>
<status status="PASS" starttime="20240213 14:52:44.237" endtime="20240213 14:52:44.406"/>
</kw>
<kw name="Click Login" library="LoginKeywords">
<kw name="Click Button" library="Selenium2Library">
<arg>${btn_Login}</arg>
<doc>Clicks the button identified by ``locator``.</doc>
<msg timestamp="20240213 14:52:44.407" level="INFO">Clicking button 'xpath://*[@id="root"]/div/div[2]/div[1]/form/button'.</msg>
<status status="PASS" starttime="20240213 14:52:44.406" endtime="20240213 14:52:44.507"/>
</kw>
<status status="PASS" starttime="20240213 14:52:44.406" endtime="20240213 14:52:44.507"/>
</kw>
<kw name="Sleep" library="BuiltIn">
<arg>1s</arg>
<doc>Pauses the test executed for the given time.</doc>
<msg timestamp="20240213 14:52:45.508" level="INFO">Slept 1 second</msg>
<status status="PASS" starttime="20240213 14:52:44.507" endtime="20240213 14:52:45.508"/>
</kw>
<kw name="Run Keyword And Return Status" library="BuiltIn">
<var>${login_status}</var>
<arg>Verify invalid login</arg>
<doc>Runs the given keyword with given arguments and returns the status as a Boolean value.</doc>
<kw name="Verify invalid login" library="LoginKeywords">
<kw name="Page Should Contain" library="Selenium2Library">
<arg>Unable to log in with provided credentials</arg>
<doc>Verifies that current page contains ``text``.</doc>
<msg timestamp="20240213 14:52:46.077" level="INFO" html="true">&lt;/td&gt;&lt;/tr&gt;&lt;tr&gt;&lt;td colspan="3"&gt;&lt;a href="selenium-screenshot-15.png"&gt;&lt;img src="selenium-screenshot-15.png" width="800px"&gt;&lt;/a&gt;</msg>
<msg timestamp="20240213 14:52:46.077" level="FAIL">Page should have contained text 'Unable to log in with provided credentials' but did not.</msg>
<status status="FAIL" starttime="20240213 14:52:45.509" endtime="20240213 14:52:46.078"/>
</kw>
<status status="FAIL" starttime="20240213 14:52:45.509" endtime="20240213 14:52:46.078"/>
</kw>
<msg timestamp="20240213 14:52:46.078" level="INFO">${login_status} = False</msg>
<status status="PASS" starttime="20240213 14:52:45.508" endtime="20240213 14:52:46.078"/>
</kw>
<kw name="Log" library="BuiltIn">
<arg>${login_status}</arg>
<doc>Logs the given message with the given level.</doc>
<msg timestamp="20240213 14:52:46.079" level="INFO">False</msg>
<status status="PASS" starttime="20240213 14:52:46.078" endtime="20240213 14:52:46.079"/>
</kw>
<kw name="Run Keyword If" library="BuiltIn">
<arg>'${login_status}' == 'True'</arg>
<arg>Clear Login</arg>
<doc>Runs the given keyword with the given arguments, if ``condition`` is true.</doc>
<status status="PASS" starttime="20240213 14:52:46.079" endtime="20240213 14:52:46.079"/>
</kw>
<kw name="Run Keyword If" library="BuiltIn">
<arg>'${login_status}' == 'False'</arg>
<arg>Logout</arg>
<doc>Runs the given keyword with the given arguments, if ``condition`` is true.</doc>
<kw name="Logout" library="LoginKeywords">
<kw name="Click Element" library="Selenium2Library">
<arg>xpath://*[@id="root"]/div/div[1]/div/div[1]/button</arg>
<doc>Click the element identified by ``locator``.</doc>
<msg timestamp="20240213 14:52:46.081" level="INFO">Clicking element 'xpath://*[@id="root"]/div/div[1]/div/div[1]/button'.</msg>
<msg timestamp="20240213 14:52:46.669" level="INFO" html="true">&lt;/td&gt;&lt;/tr&gt;&lt;tr&gt;&lt;td colspan="3"&gt;&lt;a href="selenium-screenshot-16.png"&gt;&lt;img src="selenium-screenshot-16.png" width="800px"&gt;&lt;/a&gt;</msg>
<msg timestamp="20240213 14:52:46.669" level="FAIL">Element with locator 'xpath://*[@id="root"]/div/div[1]/div/div[1]/button' not found.</msg>
<status status="FAIL" starttime="20240213 14:52:46.080" endtime="20240213 14:52:46.671"/>
</kw>
<kw name="Page Should Contain" library="Selenium2Library">
<arg>Welcome back! Please login</arg>
<doc>Verifies that current page contains ``text``.</doc>
<status status="NOT RUN" starttime="20240213 14:52:46.671" endtime="20240213 14:52:46.671"/>
</kw>
<status status="FAIL" starttime="20240213 14:52:46.080" endtime="20240213 14:52:46.671"/>
</kw>
<status status="FAIL" starttime="20240213 14:52:46.080" endtime="20240213 14:52:46.671"/>
</kw>
<kw name="Sleep" library="BuiltIn">
<arg>3s</arg>
<doc>Pauses the test executed for the given time.</doc>
<status status="NOT RUN" starttime="20240213 14:52:46.671" endtime="20240213 14:52:46.671"/>
</kw>
<status status="FAIL" starttime="20240213 14:52:44.013" endtime="20240213 14:52:46.671"/>
</kw>
<status status="FAIL" starttime="20240213 14:52:44.012" endtime="20240213 14:52:46.671"/>
</kw>
<status status="FAIL" starttime="20240213 14:52:44.008" endtime="20240213 14:52:46.672">Element with locator 'xpath://*[@id="root"]/div/div[1]/div/div[1]/button' not found.</status>
</test>
<test id="s1-t8" name="Verify All The Data from excel_rkrk@mmm.com_Shing1234" line="33">
<kw name="Verify All Data">
<arg>rkrk@mmm.com</arg>
<arg>Shing1234</arg>
<kw name="Read All The Data">
<arg>${email}</arg>
<arg>${password}</arg>
<kw name="Log To Console" library="BuiltIn">
<arg>${email} : ${password}</arg>
<doc>Logs the given message to the console.</doc>
<status status="PASS" starttime="20240213 14:52:46.698" endtime="20240213 14:52:46.703"/>
</kw>
<kw name="Enter email" library="LoginKeywords">
<arg>${email}</arg>
<kw name="Input Text" library="Selenium2Library">
<arg>${txt_Email}</arg>
<arg>${email}</arg>
<doc>Types the given ``text`` into the text field identified by ``locator``.</doc>
<msg timestamp="20240213 14:52:46.705" level="INFO">Typing text 'rkrk@mmm.com' into text field 'name:email'.</msg>
<status status="PASS" starttime="20240213 14:52:46.704" endtime="20240213 14:52:46.883"/>
</kw>
<status status="PASS" starttime="20240213 14:52:46.703" endtime="20240213 14:52:46.883"/>
</kw>
<kw name="Enter password" library="LoginKeywords">
<arg>${password}</arg>
<kw name="Input Text" library="Selenium2Library">
<arg>${txt_Password}</arg>
<arg>${password}</arg>
<doc>Types the given ``text`` into the text field identified by ``locator``.</doc>
<msg timestamp="20240213 14:52:46.884" level="INFO">Typing text 'Shing1234' into text field 'name:password'.</msg>
<status status="PASS" starttime="20240213 14:52:46.884" endtime="20240213 14:52:46.999"/>
</kw>
<status status="PASS" starttime="20240213 14:52:46.883" endtime="20240213 14:52:46.999"/>
</kw>
<kw name="Click Login" library="LoginKeywords">
<kw name="Click Button" library="Selenium2Library">
<arg>${btn_Login}</arg>
<doc>Clicks the button identified by ``locator``.</doc>
<msg timestamp="20240213 14:52:47.000" level="INFO">Clicking button 'xpath://*[@id="root"]/div/div[2]/div[1]/form/button'.</msg>
<status status="PASS" starttime="20240213 14:52:46.999" endtime="20240213 14:52:47.067"/>
</kw>
<status status="PASS" starttime="20240213 14:52:46.999" endtime="20240213 14:52:47.067"/>
</kw>
<kw name="Sleep" library="BuiltIn">
<arg>1s</arg>
<doc>Pauses the test executed for the given time.</doc>
<msg timestamp="20240213 14:52:48.068" level="INFO">Slept 1 second</msg>
<status status="PASS" starttime="20240213 14:52:47.067" endtime="20240213 14:52:48.068"/>
</kw>
<kw name="Run Keyword And Return Status" library="BuiltIn">
<var>${login_status}</var>
<arg>Verify invalid login</arg>
<doc>Runs the given keyword with given arguments and returns the status as a Boolean value.</doc>
<kw name="Verify invalid login" library="LoginKeywords">
<kw name="Page Should Contain" library="Selenium2Library">
<arg>Unable to log in with provided credentials</arg>
<doc>Verifies that current page contains ``text``.</doc>
<msg timestamp="20240213 14:52:48.632" level="INFO" html="true">&lt;/td&gt;&lt;/tr&gt;&lt;tr&gt;&lt;td colspan="3"&gt;&lt;a href="selenium-screenshot-17.png"&gt;&lt;img src="selenium-screenshot-17.png" width="800px"&gt;&lt;/a&gt;</msg>
<msg timestamp="20240213 14:52:48.632" level="FAIL">Page should have contained text 'Unable to log in with provided credentials' but did not.</msg>
<status status="FAIL" starttime="20240213 14:52:48.069" endtime="20240213 14:52:48.633"/>
</kw>
<status status="FAIL" starttime="20240213 14:52:48.068" endtime="20240213 14:52:48.633"/>
</kw>
<msg timestamp="20240213 14:52:48.633" level="INFO">${login_status} = False</msg>
<status status="PASS" starttime="20240213 14:52:48.068" endtime="20240213 14:52:48.633"/>
</kw>
<kw name="Log" library="BuiltIn">
<arg>${login_status}</arg>
<doc>Logs the given message with the given level.</doc>
<msg timestamp="20240213 14:52:48.634" level="INFO">False</msg>
<status status="PASS" starttime="20240213 14:52:48.634" endtime="20240213 14:52:48.634"/>
</kw>
<kw name="Run Keyword If" library="BuiltIn">
<arg>'${login_status}' == 'True'</arg>
<arg>Clear Login</arg>
<doc>Runs the given keyword with the given arguments, if ``condition`` is true.</doc>
<status status="PASS" starttime="20240213 14:52:48.634" endtime="20240213 14:52:48.634"/>
</kw>
<kw name="Run Keyword If" library="BuiltIn">
<arg>'${login_status}' == 'False'</arg>
<arg>Logout</arg>
<doc>Runs the given keyword with the given arguments, if ``condition`` is true.</doc>
<kw name="Logout" library="LoginKeywords">
<kw name="Click Element" library="Selenium2Library">
<arg>xpath://*[@id="root"]/div/div[1]/div/div[1]/button</arg>
<doc>Click the element identified by ``locator``.</doc>
<msg timestamp="20240213 14:52:48.635" level="INFO">Clicking element 'xpath://*[@id="root"]/div/div[1]/div/div[1]/button'.</msg>
<msg timestamp="20240213 14:52:49.211" level="INFO" html="true">&lt;/td&gt;&lt;/tr&gt;&lt;tr&gt;&lt;td colspan="3"&gt;&lt;a href="selenium-screenshot-18.png"&gt;&lt;img src="selenium-screenshot-18.png" width="800px"&gt;&lt;/a&gt;</msg>
<msg timestamp="20240213 14:52:49.211" level="FAIL">Element with locator 'xpath://*[@id="root"]/div/div[1]/div/div[1]/button' not found.</msg>
<status status="FAIL" starttime="20240213 14:52:48.635" endtime="20240213 14:52:49.213"/>
</kw>
<kw name="Page Should Contain" library="Selenium2Library">
<arg>Welcome back! Please login</arg>
<doc>Verifies that current page contains ``text``.</doc>
<status status="NOT RUN" starttime="20240213 14:52:49.213" endtime="20240213 14:52:49.213"/>
</kw>
<status status="FAIL" starttime="20240213 14:52:48.635" endtime="20240213 14:52:49.213"/>
</kw>
<status status="FAIL" starttime="20240213 14:52:48.634" endtime="20240213 14:52:49.213"/>
</kw>
<kw name="Sleep" library="BuiltIn">
<arg>3s</arg>
<doc>Pauses the test executed for the given time.</doc>
<status status="NOT RUN" starttime="20240213 14:52:49.213" endtime="20240213 14:52:49.213"/>
</kw>
<status status="FAIL" starttime="20240213 14:52:46.697" endtime="20240213 14:52:49.213"/>
</kw>
<status status="FAIL" starttime="20240213 14:52:46.696" endtime="20240213 14:52:49.213"/>
</kw>
<status status="FAIL" starttime="20240213 14:52:46.677" endtime="20240213 14:52:49.214">Element with locator 'xpath://*[@id="root"]/div/div[1]/div/div[1]/button' not found.</status>
</test>
<kw name="Close Browser" library="Selenium2Library" type="TEARDOWN">
<doc>Closes the current browser.</doc>
<status status="PASS" starttime="20240213 14:52:49.216" endtime="20240213 14:52:52.170"/>
</kw>
<doc>DataDriver Testing with excel</doc>
<status status="FAIL" starttime="20240213 14:52:20.969" endtime="20240213 14:52:52.170"/>
</suite>
<statistics>
<total>
<stat pass="0" fail="8" skip="0">All Tests</stat>
</total>
<tag>
</tag>
<suite>
<stat pass="0" fail="8" skip="0" id="s1" name="Data Driven Login">Data Driven Login</stat>
</suite>
</statistics>
<errors>
</errors>
</robot>
